<?xml version="1.0" encoding="UTF-8"?>
<!-- Generated by org.testng.reporters.JUnitXMLReporter -->
<testsuite hostname="LAPTOP-JIBR9C35" ignored="0" name="login" tests="2" failures="1" timestamp="21 Oct 2020 17:02:18 GMT" time="108.352" errors="0">
  <testcase name="loginPageTitle" time="15.391" classname="academy.LoginPageTest">
    <failure type="java.lang.AssertionError" message="expected [true] but found [false]">
      <![CDATA[java.lang.AssertionError: expected [true] but found [false]
at academy.LoginPageTest.loginPageTitle(LoginPageTest.java:32)
at java.util.concurrent.FutureTask.run(FutureTask.java:266)
at java.util.concurrent.ThreadPoolExecutor.runWorker(ThreadPoolExecutor.java:1149)
at java.util.concurrent.ThreadPoolExecutor$Worker.run(ThreadPoolExecutor.java:624)
at java.lang.Thread.run(Thread.java:748)
... Removed 20 stack frames]]>
    </failure>
  </testcase> <!-- loginPageTitle -->
  <testcase name="loginPagetext" time="0.103" classname="academy.LoginPageTest"/>
</testsuite> <!-- login -->
