<?xml version="1.0" encoding="UTF-8"?>
<testng-results skipped="0" failed="0" ignored="0" total="2" passed="2">
  <reporter-output>
  </reporter-output>
  <suite name="Suite" duration-ms="28" started-at="2020-11-11T06:56:03Z" finished-at="2020-11-11T06:56:04Z">
    <groups>
    </groups>
    <test name="login" duration-ms="28" started-at="2020-11-11T06:56:03Z" finished-at="2020-11-11T06:56:04Z">
      <class name="com.thirtybees.Test.LoginPageTest">
        <test-method status="PASS" signature="test01()[pri:0, instance:com.thirtybees.Test.LoginPageTest@192c3f1e]" name="test01" duration-ms="12" started-at="2020-11-11T06:56:03Z" finished-at="2020-11-11T06:56:04Z">
          <reporter-output>
          </reporter-output>
        </test-method> <!-- test01 -->
      </class> <!-- com.thirtybees.Test.LoginPageTest -->
    </test> <!-- login -->
    <test name="home" duration-ms="28" started-at="2020-11-11T06:56:03Z" finished-at="2020-11-11T06:56:04Z">
      <class name="com.thirtybees.Test.LandingpageTest">
        <test-method status="PASS" signature="test01()[pri:0, instance:com.thirtybees.Test.LandingpageTest@c0c2f8d]" name="test01" duration-ms="12" started-at="2020-11-11T06:56:03Z" finished-at="2020-11-11T06:56:04Z">
          <reporter-output>
          </reporter-output>
        </test-method> <!-- test01 -->
      </class> <!-- com.thirtybees.Test.LandingpageTest -->
    </test> <!-- home -->
  </suite> <!-- Suite -->
</testng-results>
