<?xml version="1.0" encoding="UTF-8"?>
<testsuite xmlns:xsi="http://www.w3.org/2001/XMLSchema-instance" xsi:noNamespaceSchemaLocation="https://maven.apache.org/surefire/maven-surefire-plugin/xsd/surefire-test-report-3.0.xsd" version="3.0" name="TestSuite" time="1.395" tests="2" errors="0" skipped="0" failures="0">
  <properties>
[...]
</properties>
  <testcase name="test01" classname="com.thirtybees.Test.LandingpageTest" time="0.018">
    <system-out><![CDATA[This test case test01 Started
This test case test01 Started
My test case
My test case 2
12:26:04.004 [TestNG-tests-1] ERROR com.thirtybees.Test.LandingpageTest - This is error 2
12:26:04.004 [TestNG-tests-2] ERROR com.thirtybees.Test.LandingpageTest - This is error
]]></system-out>
  </testcase>
  <testcase name="test01" classname="com.thirtybees.Test.LoginPageTest" time="0.019"/>
</testsuite>