<?xml version="1.0" encoding="UTF-8"?>
<testng-results skipped="0" failed="0" ignored="0" total="1" passed="1">
  <reporter-output>
  </reporter-output>
  <suite name="Default suite" duration-ms="24" started-at="2020-11-11T05:53:35Z" finished-at="2020-11-11T05:53:35Z">
    <groups>
    </groups>
    <test name="Default test" duration-ms="24" started-at="2020-11-11T05:53:35Z" finished-at="2020-11-11T05:53:35Z">
      <class name="com.thirtybees.Test.LoginPageTest">
        <test-method status="PASS" signature="test01()[pri:0, instance:com.thirtybees.Test.LoginPageTest@67d48005]" name="test01" duration-ms="7" started-at="2020-11-11T05:53:35Z" finished-at="2020-11-11T05:53:35Z">
          <reporter-output>
          </reporter-output>
        </test-method> <!-- test01 -->
      </class> <!-- com.thirtybees.Test.LoginPageTest -->
    </test> <!-- Default test -->
  </suite> <!-- Default suite -->
</testng-results>
